<?xml version="1.0" encoding="UTF-8"?>
<testng-results skipped="0" failed="0" ignored="0" total="1" passed="1">
  <reporter-output>
  </reporter-output>
  <suite name="Default suite" duration-ms="22214" started-at="2019-03-06T03:09:30Z" finished-at="2019-03-06T03:09:52Z">
    <groups>
    </groups>
    <test name="Default test" duration-ms="22214" started-at="2019-03-06T03:09:30Z" finished-at="2019-03-06T03:09:52Z">
      <class name="com.cva.cvam.Practice">
        <test-method status="PASS" signature="mai()[pri:0, instance:com.cva.cvam.Practice@91161c7]" name="mai" is-config="true" duration-ms="21414" started-at="2019-03-06T08:39:30Z" finished-at="2019-03-06T08:39:51Z">
          <reporter-output>
          </reporter-output>
        </test-method> <!-- mai -->
        <test-method status="PASS" signature="mn()[pri:0, instance:com.cva.cvam.Practice@91161c7]" name="mn" duration-ms="13" started-at="2019-03-06T08:39:51Z" finished-at="2019-03-06T08:39:51Z">
          <reporter-output>
          </reporter-output>
        </test-method> <!-- mn -->
        <test-method status="PASS" signature="non()[pri:0, instance:com.cva.cvam.Practice@91161c7]" name="non" is-config="true" duration-ms="748" started-at="2019-03-06T08:39:51Z" finished-at="2019-03-06T08:39:52Z">
          <reporter-output>
          </reporter-output>
        </test-method> <!-- non -->
      </class> <!-- com.cva.cvam.Practice -->
    </test> <!-- Default test -->
  </suite> <!-- Default suite -->
</testng-results>
